{"context":"Bootstrap","level":"info","message":"TaskManager-node is starting...","service":"task-manager-node","timestamp":"2025-07-17T15:41:59.761Z"}
{"context":"Bootstrap","level":"info","message":"RabbitMQ bindings successfully declared","service":"task-manager-node","timestamp":"2025-07-17T15:41:59.790Z"}
{"context":"HealthCheck","level":"info","message":"Verificando servicios externos...","service":"task-manager-node","timestamp":"2025-07-17T15:41:59.790Z"}
{"context":"HealthCheck","level":"info","message":"Todos los servicios están disponibles","service":"task-manager-node","timestamp":"2025-07-17T15:41:59.796Z"}
{"level":"info","message":"RabbitMQ confirm channel created for publishing","service":"task-manager-node","timestamp":"2025-07-17T15:41:59.809Z"}
{"context":"Bootstrap","level":"info","message":"TaskManager-node is running on port 3000","service":"task-manager-node","timestamp":"2025-07-17T15:41:59.811Z"}
{"level":"info","message":"Verificando si ya existe una tarea con el mismo título...","service":"task-manager-node","timestamp":"2025-07-17T16:20:18.564Z"}
{"level":"info","message":"Creando entidad de Task...","service":"task-manager-node","timestamp":"2025-07-17T16:20:18.585Z"}
{"level":"info","message":"Persistiendo en base de datos...","service":"task-manager-node","timestamp":"2025-07-17T16:20:18.585Z"}
{"level":"info","message":"Preparando para publicar evento de la entidad...","service":"task-manager-node","timestamp":"2025-07-17T16:20:18.601Z"}
{"level":"info","message":"Publishing task.created event: {\"id\":31,\"title\":\"Finish Rabbit setup33\",\"description\":\"Ensure the broker and listener are up and connected\",\"status\":\"PENDING\",\"createdAt\":\"2025-07-17T16:20:18.585Z\"}","service":"task-manager-node","timestamp":"2025-07-17T16:20:18.601Z"}
{"level":"info","message":"Publishing to task.events with routing key task.created","service":"task-manager-node","timestamp":"2025-07-17T16:20:18.601Z"}
{"level":"info","message":"Message published successfully","service":"task-manager-node","timestamp":"2025-07-17T16:20:18.605Z"}
{"level":"info","message":"Verificando si ya existe una tarea con el mismo título...","service":"task-manager-node","timestamp":"2025-07-17T16:31:08.847Z"}
{"level":"info","message":"Creando entidad de Task...","service":"task-manager-node","timestamp":"2025-07-17T16:31:08.867Z"}
{"level":"info","message":"Persistiendo en base de datos...","service":"task-manager-node","timestamp":"2025-07-17T16:31:08.867Z"}
{"level":"info","message":"Preparando para publicar evento de la entidad...","service":"task-manager-node","timestamp":"2025-07-17T16:31:08.871Z"}
{"level":"info","message":"Publishing task.created event: {\"id\":32,\"title\":\"Finish Rabbit setup34\",\"description\":\"Ensure the broker and listener are up and connected\",\"status\":\"PENDING\",\"createdAt\":\"2025-07-17T16:31:08.867Z\"}","service":"task-manager-node","timestamp":"2025-07-17T16:31:08.872Z"}
{"level":"info","message":"Publishing to task.events with routing key task.created","service":"task-manager-node","timestamp":"2025-07-17T16:31:08.872Z"}
{"level":"info","message":"Message published successfully","service":"task-manager-node","timestamp":"2025-07-17T16:31:08.879Z"}
{"level":"info","message":"Verificando si ya existe una tarea con el mismo título...","service":"task-manager-node","timestamp":"2025-07-17T16:58:42.474Z"}
{"level":"info","message":"Creando entidad de Task...","service":"task-manager-node","timestamp":"2025-07-17T16:58:42.501Z"}
{"level":"info","message":"Persistiendo en base de datos...","service":"task-manager-node","timestamp":"2025-07-17T16:58:42.501Z"}
{"level":"info","message":"Preparando para publicar evento de la entidad...","service":"task-manager-node","timestamp":"2025-07-17T16:58:42.506Z"}
{"level":"info","message":"Publishing task.created event: {\"id\":33,\"title\":\"Finish Rabbit setup35\",\"description\":\"Ensure the broker and listener are up and connected\",\"status\":\"PENDING\",\"createdAt\":\"2025-07-17T16:58:42.501Z\"}","service":"task-manager-node","timestamp":"2025-07-17T16:58:42.506Z"}
{"level":"info","message":"Publishing to task.events with routing key task.created","service":"task-manager-node","timestamp":"2025-07-17T16:58:42.507Z"}
{"level":"info","message":"Message published successfully","service":"task-manager-node","timestamp":"2025-07-17T16:58:42.509Z"}
{"level":"info","message":"Verificando si ya existe una tarea con el mismo título...","service":"task-manager-node","timestamp":"2025-07-17T17:01:55.112Z"}
{"level":"info","message":"Creando entidad de Task...","service":"task-manager-node","timestamp":"2025-07-17T17:01:55.129Z"}
{"level":"info","message":"Persistiendo en base de datos...","service":"task-manager-node","timestamp":"2025-07-17T17:01:55.129Z"}
{"level":"info","message":"Preparando para publicar evento de la entidad...","service":"task-manager-node","timestamp":"2025-07-17T17:01:55.133Z"}
{"level":"info","message":"Publishing task.created event: {\"id\":34,\"title\":\"Finish Rabbit setup36\",\"description\":\"Ensure the broker and listener are up and connected\",\"status\":\"PENDING\",\"createdAt\":\"2025-07-17T17:01:55.129Z\"}","service":"task-manager-node","timestamp":"2025-07-17T17:01:55.133Z"}
{"level":"info","message":"Publishing to task.events with routing key task.created","service":"task-manager-node","timestamp":"2025-07-17T17:01:55.133Z"}
{"level":"info","message":"Message published successfully","service":"task-manager-node","timestamp":"2025-07-17T17:01:55.135Z"}
{"context":"Bootstrap","level":"info","message":"TaskManager-node is starting...","service":"task-manager-node","timestamp":"2025-07-18T12:44:21.268Z"}
{"context":"Bootstrap","level":"info","message":"RabbitMQ bindings successfully declared","service":"task-manager-node","timestamp":"2025-07-18T12:44:21.296Z"}
{"context":"HealthCheck","level":"info","message":"Verificando servicios externos...","service":"task-manager-node","timestamp":"2025-07-18T12:44:21.296Z"}
{"context":"HealthCheck","level":"info","message":"Todos los servicios están disponibles","service":"task-manager-node","timestamp":"2025-07-18T12:44:21.302Z"}
{"level":"info","message":"RabbitMQ confirm channel created for publishing","service":"task-manager-node","timestamp":"2025-07-18T12:44:21.314Z"}
{"context":"Bootstrap","level":"info","message":"TaskManager-node is starting...","service":"task-manager-node","timestamp":"2025-07-18T12:51:52.648Z"}
{"context":"Bootstrap","level":"info","message":"RabbitMQ bindings successfully declared","service":"task-manager-node","timestamp":"2025-07-18T12:51:52.689Z"}
{"context":"HealthCheck","level":"info","message":"Verificando servicios externos...","service":"task-manager-node","timestamp":"2025-07-18T12:51:52.689Z"}
{"context":"HealthCheck","level":"info","message":"Todos los servicios están disponibles","service":"task-manager-node","timestamp":"2025-07-18T12:51:52.694Z"}
{"level":"info","message":"RabbitMQ confirm channel created for publishing","service":"task-manager-node","timestamp":"2025-07-18T12:51:52.708Z"}
{"context":"Bootstrap","level":"info","message":"TaskManager-node is running on port 3000","service":"task-manager-node","timestamp":"2025-07-18T12:51:52.710Z"}
{"level":"info","message":"Verificando si ya existe una tarea con el mismo título...","service":"task-manager-node","timestamp":"2025-07-18T12:57:34.498Z"}
{"level":"info","message":"Creando entidad de Task...","service":"task-manager-node","timestamp":"2025-07-18T12:57:34.521Z"}
{"level":"info","message":"Persistiendo en base de datos...","service":"task-manager-node","timestamp":"2025-07-18T12:57:34.522Z"}
{"level":"info","message":"Preparando para publicar evento de la entidad...","service":"task-manager-node","timestamp":"2025-07-18T12:57:34.529Z"}
{"level":"info","message":"Publishing task.created event: {\"id\":35,\"title\":\"Finish Rabbit setup37\",\"description\":\"Ensure the broker and listener are up and connected\",\"status\":\"PENDING\",\"createdAt\":\"2025-07-18T12:57:34.522Z\"}","service":"task-manager-node","timestamp":"2025-07-18T12:57:34.530Z"}
{"level":"info","message":"Publishing to task.events with routing key task.created","service":"task-manager-node","timestamp":"2025-07-18T12:57:34.530Z"}
{"level":"info","message":"Message published successfully","service":"task-manager-node","timestamp":"2025-07-18T12:57:34.534Z"}
{"context":"Bootstrap","level":"info","message":"TaskManager-node is starting...","service":"task-manager-node","timestamp":"2025-07-18T13:05:38.618Z"}
{"context":"Bootstrap","level":"info","message":"RabbitMQ bindings successfully declared","service":"task-manager-node","timestamp":"2025-07-18T13:05:38.646Z"}
{"context":"HealthCheck","level":"info","message":"Verificando servicios externos...","service":"task-manager-node","timestamp":"2025-07-18T13:05:38.646Z"}
{"context":"HealthCheck","level":"info","message":"Todos los servicios están disponibles","service":"task-manager-node","timestamp":"2025-07-18T13:05:38.651Z"}
{"level":"info","message":"RabbitMQ confirm channel created for publishing","service":"task-manager-node","timestamp":"2025-07-18T13:05:38.664Z"}
{"context":"Bootstrap","level":"info","message":"TaskManager-node is running on port 3000","service":"task-manager-node","timestamp":"2025-07-18T13:05:38.666Z"}
{"context":"Bootstrap","level":"info","message":"TaskManager-node is starting...","service":"task-manager-node","timestamp":"2025-07-18T13:44:22.267Z"}
{"context":"Bootstrap","level":"info","message":"RabbitMQ bindings successfully declared","service":"task-manager-node","timestamp":"2025-07-18T13:44:22.293Z"}
{"context":"HealthCheck","level":"info","message":"Verificando servicios externos...","service":"task-manager-node","timestamp":"2025-07-18T13:44:22.293Z"}
{"context":"HealthCheck","level":"info","message":"Todos los servicios están disponibles","service":"task-manager-node","timestamp":"2025-07-18T13:44:22.298Z"}
{"level":"info","message":"RabbitMQ confirm channel created for publishing","service":"task-manager-node","timestamp":"2025-07-18T13:44:22.310Z"}
{"context":"Bootstrap","level":"info","message":"TaskManager-node is running on port 3000","service":"task-manager-node","timestamp":"2025-07-18T13:44:22.312Z"}
{"level":"info","message":"Verificando si ya existe una tarea con el mismo título...","service":"task-manager-node","timestamp":"2025-07-18T13:44:52.808Z"}
{"level":"info","message":"Creando entidad de Task...","service":"task-manager-node","timestamp":"2025-07-18T13:44:52.830Z"}
{"level":"info","message":"Persistiendo en base de datos...","service":"task-manager-node","timestamp":"2025-07-18T13:44:52.830Z"}
{"level":"info","message":"Preparando para publicar evento de la entidad...","service":"task-manager-node","timestamp":"2025-07-18T13:44:52.839Z"}
{"level":"info","message":"Publishing task.created event: {\"id\":36,\"title\":\"Finish Rabbit setup38\",\"description\":\"Ensure the broker and listener are up and connected\",\"status\":\"PENDING\",\"createdAt\":\"2025-07-18T13:44:52.830Z\"}","service":"task-manager-node","timestamp":"2025-07-18T13:44:52.839Z"}
{"level":"info","message":"Publishing to task.events with routing key task.created","service":"task-manager-node","timestamp":"2025-07-18T13:44:52.839Z"}
{"level":"info","message":"Message published successfully","service":"task-manager-node","timestamp":"2025-07-18T13:44:52.843Z"}
{"level":"info","message":"Persistiendo en base de datos...","service":"task-manager-node","timestamp":"2025-07-18T13:46:33.551Z"}
{"level":"info","message":"Preparando para publicar evento...","service":"task-manager-node","timestamp":"2025-07-18T13:46:33.560Z"}
{"level":"info","message":"Publishing task.updated event: {\"before\":{\"id\":35,\"title\":\"Finish Rabbit setup37\",\"description\":\"Ensure the broker and listener are up and connected\",\"status\":\"PENDING\",\"createdAt\":\"2025-07-18T12:57:34.522Z\"},\"after\":{\"id\":35,\"title\":\"Finish Rabbit setup035\",\"description\":\"Ensure the broker and listener are up and connected\",\"createdAt\":\"2025-07-18T12:57:34.522Z\"}}","service":"task-manager-node","timestamp":"2025-07-18T13:46:33.561Z"}
{"level":"info","message":"Publishing to task.events with routing key task.updated","service":"task-manager-node","timestamp":"2025-07-18T13:46:33.561Z"}
{"level":"info","message":"Message published successfully","service":"task-manager-node","timestamp":"2025-07-18T13:46:33.564Z"}
{"level":"info","message":"Task publicada exitosamente.","service":"task-manager-node","timestamp":"2025-07-18T13:46:33.564Z"}
{"level":"info","message":"Persistiendo en base de datos...","service":"task-manager-node","timestamp":"2025-07-18T13:46:49.404Z"}
{"level":"info","message":"Preparando para publicar evento...","service":"task-manager-node","timestamp":"2025-07-18T13:46:49.407Z"}
{"level":"info","message":"Publishing task.updated event: {\"before\":{\"id\":35,\"title\":\"Finish Rabbit setup035\",\"description\":\"Ensure the broker and listener are up and connected\",\"status\":\"PENDING\",\"createdAt\":\"2025-07-18T12:57:34.522Z\"},\"after\":{\"id\":35,\"title\":\"Finish Rabbit setup035\",\"description\":\"Ensure the broker and listener are up and connected\",\"createdAt\":\"2025-07-18T12:57:34.522Z\"}}","service":"task-manager-node","timestamp":"2025-07-18T13:46:49.407Z"}
{"level":"info","message":"Publishing to task.events with routing key task.updated","service":"task-manager-node","timestamp":"2025-07-18T13:46:49.407Z"}
{"level":"info","message":"Message published successfully","service":"task-manager-node","timestamp":"2025-07-18T13:46:49.410Z"}
{"level":"info","message":"Task publicada exitosamente.","service":"task-manager-node","timestamp":"2025-07-18T13:46:49.410Z"}
